<?xml version="1.0" encoding="UTF-8"?>
<!-- Generated by org.testng.reporters.JUnitReportReporter -->
<testsuite hostname="LAPTOP-7UOI14JD" failures="0" tests="1" name="exp.ProjectMaven.BestSellerTest" time="18.567" errors="0" timestamp="21 Jul 2023 04:43:46 GMT" skipped="0">
  <testcase classname="exp.ProjectMaven.BestSellerTest" name="besttest" time="18.567"/>
</testsuite> <!-- exp.ProjectMaven.BestSellerTest -->
