<?xml version="1.0" encoding="UTF-8"?>
<!-- Generated by org.testng.reporters.JUnitReportReporter -->
<testsuite hostname="LAPTOP-7UOI14JD" failures="0" tests="1" name="exp.ProjectMaven.ExamplTest" time="26.372" errors="0" timestamp="19 Jul 2023 12:20:06 GMT" skipped="0">
  <testcase classname="exp.ProjectMaven.ExamplTest" name="test1" time="26.372"/>
</testsuite> <!-- exp.ProjectMaven.ExamplTest -->
